<?xml version="1.0" encoding="UTF-8"?>
<testng-results skipped="0" failed="0" ignored="0" total="1" passed="1">
  <reporter-output>
  </reporter-output>
  <suite name="Default suite" duration-ms="2644" started-at="2022-09-24T02:24:57 IST" finished-at="2022-09-24T02:25:00 IST">
    <groups>
    </groups>
    <test name="Default test" duration-ms="2644" started-at="2022-09-24T02:24:57 IST" finished-at="2022-09-24T02:25:00 IST">
      <class name="studentApiTest.GetAPITest">
        <test-method status="PASS" signature="getAPITest()[pri:0, instance:studentApiTest.GetAPITest@7f13d6e]" name="getAPITest" duration-ms="2590" started-at="2022-09-24T02:24:57 IST" finished-at="2022-09-24T02:25:00 IST">
          <reporter-output>
          </reporter-output>
        </test-method> <!-- getAPITest -->
      </class> <!-- studentApiTest.GetAPITest -->
    </test> <!-- Default test -->
  </suite> <!-- Default suite -->
</testng-results>
